
**** Build of configuration Nios II for project Teste ****

make all 
Info: Building C:/Users/Francisco/Desktop/DE2_70_Pixel_Display/Eclipse/software/Teste_bsp/
make --no-print-directory -C C:/Users/Francisco/Desktop/DE2_70_Pixel_Display/Eclipse/software/Teste_bsp/
[BSP build complete]
[Teste build complete]

**** Build Finished ****

**** Build of configuration Nios II for project Teste ****

make all 
Info: Building C:/Users/Francisco/Desktop/DE2_70_Pixel_Display/Eclipse/software/Teste_bsp/
make --no-print-directory -C C:/Users/Francisco/Desktop/DE2_70_Pixel_Display/Eclipse/software/Teste_bsp/
[BSP build complete]
[Teste build complete]

**** Build Finished ****

**** Build of configuration Nios II for project Teste ****

make all 
Info: Building C:/Users/Francisco/Desktop/DE2_70_Pixel_Display/Eclipse/software/Teste_bsp/
make --no-print-directory -C C:/Users/Francisco/Desktop/DE2_70_Pixel_Display/Eclipse/software/Teste_bsp/
[BSP build complete]
Info: Compiling main.c to obj/default/main.o
nios2-elf-gcc -xc -MP -MMD -c -IC:/Users/Francisco/Desktop/DE2_70_Pixel_Display/Eclipse/software/Teste_bsp//HAL/inc -IC:/Users/Francisco/Desktop/DE2_70_Pixel_Display/Eclipse/software/Teste_bsp/ -IC:/Users/Francisco/Desktop/DE2_70_Pixel_Display/Eclipse/software/Teste_bsp//drivers/inc  -DSYSTEM_BUS_WIDTH=32 -pipe -D__hal__ -DALT_NO_INSTRUCTION_EMULATION -DALT_SINGLE_THREADED    -O0 -g -Wall   -EL -mno-hw-div -mno-hw-mul -mno-hw-mulx  -o obj/default/main.o main.c
main.c: In function 'main':
Info: Linking Teste.elf
main.c:13: warning: control reaches end of non-void function
nios2-elf-g++  -T'C:/Users/Francisco/Desktop/DE2_70_Pixel_Display/Eclipse/software/Teste_bsp//linker.x' -msys-crt0='C:/Users/Francisco/Desktop/DE2_70_Pixel_Display/Eclipse/software/Teste_bsp//obj/HAL/src/crt0.o' -msys-lib=hal_bsp -LC:/Users/Francisco/Desktop/DE2_70_Pixel_Display/Eclipse/software/Teste_bsp/   -Wl,-Map=Teste.map   -O0 -g -Wall   -EL -mno-hw-div -mno-hw-mul -mno-hw-mulx  -o Teste.elf obj/default/main.o -lm 
nios2-elf-insert Teste.elf --thread_model hal --cpu_name CPU --qsys true --simulation_enabled false --stderr_dev none --stdin_dev none --stdout_dev none --sopc_system_name de2_70 --quartus_project_dir "c:/Users/Francisco/Desktop/DE2_70_Pixel_Display/QSYS" --sopcinfo C:/Users/Francisco/Desktop/DE2_70_Pixel_Display/QSYS/de2_70.sopcinfo
Info: (Teste.elf) 5396 Bytes program size (code + initialized data).
Info:             9424 Bytes free for stack + heap.
Info: Creating Teste.objdump
nios2-elf-objdump --disassemble --syms --all-header --source Teste.elf >Teste.objdump
[Teste build complete]

**** Build Finished ****

**** Build of configuration Nios II for project Teste ****

make all 
Info: Building C:/Users/Francisco/Desktop/DE2_70_Pixel_Display/Eclipse/software/Teste_bsp/
make --no-print-directory -C C:/Users/Francisco/Desktop/DE2_70_Pixel_Display/Eclipse/software/Teste_bsp/
[BSP build complete]
Info: Compiling main.c to obj/default/main.o
nios2-elf-gcc -xc -MP -MMD -c -IC:/Users/Francisco/Desktop/DE2_70_Pixel_Display/Eclipse/software/Teste_bsp//HAL/inc -IC:/Users/Francisco/Desktop/DE2_70_Pixel_Display/Eclipse/software/Teste_bsp/ -IC:/Users/Francisco/Desktop/DE2_70_Pixel_Display/Eclipse/software/Teste_bsp//drivers/inc  -DSYSTEM_BUS_WIDTH=32 -pipe -D__hal__ -DALT_NO_INSTRUCTION_EMULATION -DALT_SINGLE_THREADED    -O0 -g -Wall   -EL -mno-hw-div -mno-hw-mul -mno-hw-mulx  -o obj/default/main.o main.c
main.c: In function 'main':
Info: Linking Teste.elf
main.c:13: warning: control reaches end of non-void function
nios2-elf-g++  -T'C:/Users/Francisco/Desktop/DE2_70_Pixel_Display/Eclipse/software/Teste_bsp//linker.x' -msys-crt0='C:/Users/Francisco/Desktop/DE2_70_Pixel_Display/Eclipse/software/Teste_bsp//obj/HAL/src/crt0.o' -msys-lib=hal_bsp -LC:/Users/Francisco/Desktop/DE2_70_Pixel_Display/Eclipse/software/Teste_bsp/   -Wl,-Map=Teste.map   -O0 -g -Wall   -EL -mno-hw-div -mno-hw-mul -mno-hw-mulx  -o Teste.elf obj/default/main.o -lm 
nios2-elf-insert Teste.elf --thread_model hal --cpu_name CPU --qsys true --simulation_enabled false --stderr_dev none --stdin_dev none --stdout_dev none --sopc_system_name de2_70 --quartus_project_dir "c:/Users/Francisco/Desktop/DE2_70_Pixel_Display/QSYS" --sopcinfo C:/Users/Francisco/Desktop/DE2_70_Pixel_Display/QSYS/de2_70.sopcinfo
Info: (Teste.elf) 5396 Bytes program size (code + initialized data).
Info:             9424 Bytes free for stack + heap.
Info: Creating Teste.objdump
nios2-elf-objdump --disassemble --syms --all-header --source Teste.elf >Teste.objdump
[Teste build complete]

**** Build Finished ****

**** Build of configuration Nios II for project Teste ****

make all 
Info: Building C:/Users/Francisco/Desktop/DE2_70_Pixel_Display/Eclipse/software/Teste_bsp/
make --no-print-directory -C C:/Users/Francisco/Desktop/DE2_70_Pixel_Display/Eclipse/software/Teste_bsp/
[BSP build complete]
[Teste build complete]

**** Build Finished ****

**** Build of configuration Nios II for project Teste ****

make all 
Info: Building C:/Users/Francisco/Desktop/DE2_70_Pixel_Display/Eclipse/software/Teste_bsp/
make --no-print-directory -C C:/Users/Francisco/Desktop/DE2_70_Pixel_Display/Eclipse/software/Teste_bsp/
[BSP build complete]
[Teste build complete]

**** Build Finished ****
